<?xml version="1.0" encoding="UTF-8"?>
<testsuite name="org.pinnaclesmp.fragguard.DatabaseTest" tests="38" skipped="0" failures="0" errors="0" timestamp="2026-09-13T09:40:53.145Z" hostname="runnervmlun5p" time="0.892">
  <properties/>
  <testcase name="retriesVersionThreeMigrationWhenOldCoalescingIndexWasAlreadyDropped()" classname="org.pinnaclesmp.fragguard.DatabaseTest" time="0.034"/>
  <testcase name="undoConflictRemainsRetryableUntilItIsResolved()" classname="org.pinnaclesmp.fragguard.DatabaseTest" time="0.044"/>
  <testcase name="refusesMigrationWhenItsBackupCannotBeCreated()" classname="org.pinnaclesmp.fragguard.DatabaseTest" time="0.009"/>
  <testcase name="preservesDifferentActorsAcrossSeparateDatabaseFlushes()" classname="org.pinnaclesmp.fragguard.DatabaseTest" time="0.032"/>
  <testcase name="preservesDifferentActorsAndInterveningSameTickChangesInMemory()" classname="org.pinnaclesmp.fragguard.DatabaseTest" time="0.021"/>
  <testcase name="preservesPreparedCrashWindowMutationForUndoAfterResumeMarksItUnchanged()" classname="org.pinnaclesmp.fragguard.DatabaseTest" time="0.024"/>
  <testcase name="drainsPressureBatchesWithoutWaitingForServerTickToAdvance()" classname="org.pinnaclesmp.fragguard.DatabaseTest" time="0.08"/>
  <testcase name="retractsPendingCrashWindowAuditWhenTheMutationConflicts()" classname="org.pinnaclesmp.fragguard.DatabaseTest" time="0.024"/>
  <testcase name="plansEarliestAndLatestBlockEntitySnapshotsAcrossHistory()" classname="org.pinnaclesmp.fragguard.DatabaseTest" time="0.02"/>
  <testcase name="boundsUndoJobLoadsIncludingOriginalSnapshotsMissingFromLegacyPreviews()" classname="org.pinnaclesmp.fragguard.DatabaseTest" time="0.02"/>
  <testcase name="initializesVersionedSchemaAndPersistsStableActionIdentifiers()" classname="org.pinnaclesmp.fragguard.DatabaseTest" time="0.015"/>
  <testcase name="removesSameTickNetNoOpAcrossSeparateDatabaseFlushes()" classname="org.pinnaclesmp.fragguard.DatabaseTest" time="0.019"/>
  <testcase name="preservesInterleavedChunkSequenceForRollbackAndReverseUndo()" classname="org.pinnaclesmp.fragguard.DatabaseTest" time="0.024"/>
  <testcase name="preservesInterveningActorAcrossSeparateFlushesWithRowIdTracking()" classname="org.pinnaclesmp.fragguard.DatabaseTest" time="0.021"/>
  <testcase name="leavesLegacySchemaUntouchedWhenMigrationFails()" classname="org.pinnaclesmp.fragguard.DatabaseTest" time="0.022"/>
  <testcase name="acceptsRollbackPreviewSnapshotsAtTheConfiguredAggregateByteBoundary()" classname="org.pinnaclesmp.fragguard.DatabaseTest" time="0.019"/>
  <testcase name="migratesVersionOneDatabaseAndRetainsVerifiedPreUpgradeBackup()" classname="org.pinnaclesmp.fragguard.DatabaseTest" time="0.04"/>
  <testcase name="migratesExistingRowsIncludingNegativeChunkCoordinates()" classname="org.pinnaclesmp.fragguard.DatabaseTest" time="0.028"/>
  <testcase name="migratesVersionThreeByRemovingObsoletePersistentCoalescingIndex()" classname="org.pinnaclesmp.fragguard.DatabaseTest" time="0.029"/>
  <testcase name="persistsRollbackProgressRejectsOverlapAndSupportsUndo()" classname="org.pinnaclesmp.fragguard.DatabaseTest" time="0.022"/>
  <testcase name="preservesHistoryRollbackPlansAndActiveJobsAcrossWorldRenames()" classname="org.pinnaclesmp.fragguard.DatabaseTest" time="0.028"/>
  <testcase name="refusesToOpenNewerDatabaseSchemasWithoutChangingThem()" classname="org.pinnaclesmp.fragguard.DatabaseTest" time="0.008"/>
  <testcase name="preservesDifferentActionsAcrossSeparateDatabaseFlushes()" classname="org.pinnaclesmp.fragguard.DatabaseTest" time="0.025"/>
  <testcase name="rollbackQuerySelectsEarliestChangeAndEnforcesLimitInSql()" classname="org.pinnaclesmp.fragguard.DatabaseTest" time="0.018"/>
  <testcase name="rejectsOversizedRollbackPreviewSnapshotsWithoutDegradingDatabaseHealth()" classname="org.pinnaclesmp.fragguard.DatabaseTest" time="0.02"/>
  <testcase name="keepsCrashWindowAuditHiddenUntilTheWorldMutationIsCommitted()" classname="org.pinnaclesmp.fragguard.DatabaseTest" time="0.022"/>
  <testcase name="persistsBlockEntityOnlyChangesAndCoalescesSnapshotsAcrossFlushes()" classname="org.pinnaclesmp.fragguard.DatabaseTest" time="0.018"/>
  <testcase name="treatsTimedQueryTimeoutAndSqliteInterruptAsExpectedCancellation()" classname="org.pinnaclesmp.fragguard.DatabaseTest" time="0.002"/>
  <testcase name="doesNotCoalesceMatchingTickNumbersAcrossServerSessions()" classname="org.pinnaclesmp.fragguard.DatabaseTest" time="0.021"/>
  <testcase name="capturesMissingEntitySnapshotForMigratedPreparedRowsAndPreservesItForUndo()" classname="org.pinnaclesmp.fragguard.DatabaseTest" time="0.041"/>
  <testcase name="rollbackSnapshotExcludesLaterChangesAndCapturesExpectedState()" classname="org.pinnaclesmp.fragguard.DatabaseTest" time="0.015"/>
  <testcase name="deletingAPendingAuditAlsoClearsItsDurableJobLink()" classname="org.pinnaclesmp.fragguard.DatabaseTest" time="0.013"/>
  <testcase name="doesNotCoalesceDistinctServerTicksInsideSameWallClockBucket()" classname="org.pinnaclesmp.fragguard.DatabaseTest" time="0.014"/>
  <testcase name="toleratesUnknownLegacyActionsWithoutBreakingLookupOrRollback()" classname="org.pinnaclesmp.fragguard.DatabaseTest" time="0.022"/>
  <testcase name="coalescesSameTickAcrossSeparateDatabaseFlushes()" classname="org.pinnaclesmp.fragguard.DatabaseTest" time="0.013"/>
  <testcase name="preservesRollbackSnapshotsAcrossPreparationReplacementRecoveryAndUndo()" classname="org.pinnaclesmp.fragguard.DatabaseTest" time="0.019"/>
  <testcase name="boundsSavedRollbackJobsIncludingSnapshotsCapturedAfterTheirPreview()" classname="org.pinnaclesmp.fragguard.DatabaseTest" time="0.013"/>
  <testcase name="batchesWritesCoalescesSameServerTickAcrossWallClockBucketsAndReadsAcceptedWrites()" classname="org.pinnaclesmp.fragguard.DatabaseTest" time="0.011"/>
  <system-out><![CDATA[]]></system-out>
  <system-err><![CDATA[Sep 13, 2026 9:40:53 AM org.pinnaclesmp.fragguard.Database initializeSchema
INFO: Migrated FragGuard's SQLite schema from version 0 to version 1.
Sep 13, 2026 9:40:53 AM org.pinnaclesmp.fragguard.Database initializeSchema
INFO: Migrated FragGuard's SQLite schema from version 1 to version 2.
Sep 13, 2026 9:40:53 AM org.pinnaclesmp.fragguard.Database initializeSchema
INFO: Migrated FragGuard's SQLite schema from version 2 to version 3.
Sep 13, 2026 9:40:53 AM org.pinnaclesmp.fragguard.Database initializeSchema
INFO: Migrated FragGuard's SQLite schema from version 3 to version 4.
Sep 13, 2026 9:40:53 AM org.pinnaclesmp.fragguard.Database initializeSchema
INFO: FragGuard schema v3->v4 only removes the obsolete persistent coalescing index; skipping a full database copy.
Sep 13, 2026 9:40:53 AM org.pinnaclesmp.fragguard.Database initializeSchema
INFO: Migrated FragGuard's SQLite schema from version 3 to version 4.
Sep 13, 2026 9:40:53 AM org.pinnaclesmp.fragguard.Database initializeSchema
INFO: Migrated FragGuard's SQLite schema from version 0 to version 1.
Sep 13, 2026 9:40:53 AM org.pinnaclesmp.fragguard.Database initializeSchema
INFO: Migrated FragGuard's SQLite schema from version 1 to version 2.
Sep 13, 2026 9:40:53 AM org.pinnaclesmp.fragguard.Database initializeSchema
INFO: Migrated FragGuard's SQLite schema from version 2 to version 3.
Sep 13, 2026 9:40:53 AM org.pinnaclesmp.fragguard.Database initializeSchema
INFO: Migrated FragGuard's SQLite schema from version 3 to version 4.
Sep 13, 2026 9:40:53 AM org.pinnaclesmp.fragguard.Database runWorker
SEVERE: FragGuard database worker stopped unexpectedly
java.sql.SQLException: Cannot safely migrate FragGuard's database because the backup directory /tmp/junit-7188523683686742277/backups could not be created.
	at org.pinnaclesmp.fragguard.Database.createMigrationBackup(Database.java:1023)
	at org.pinnaclesmp.fragguard.Database.initializeSchema(Database.java:951)
	at org.pinnaclesmp.fragguard.Database.runWorker(Database.java:848)
	at org.pinnaclesmp.fragguard.Database.lambda$init$1(Database.java:116)
	at java.base/java.lang.Thread.run(Thread.java:1474)

Sep 13, 2026 9:40:53 AM org.pinnaclesmp.fragguard.Database initializeSchema
INFO: Migrated FragGuard's SQLite schema from version 0 to version 1.
Sep 13, 2026 9:40:53 AM org.pinnaclesmp.fragguard.Database initializeSchema
INFO: Migrated FragGuard's SQLite schema from version 1 to version 2.
Sep 13, 2026 9:40:53 AM org.pinnaclesmp.fragguard.Database initializeSchema
INFO: Migrated FragGuard's SQLite schema from version 2 to version 3.
Sep 13, 2026 9:40:53 AM org.pinnaclesmp.fragguard.Database initializeSchema
INFO: Migrated FragGuard's SQLite schema from version 3 to version 4.
Sep 13, 2026 9:40:53 AM org.pinnaclesmp.fragguard.Database initializeSchema
INFO: Migrated FragGuard's SQLite schema from version 0 to version 1.
Sep 13, 2026 9:40:53 AM org.pinnaclesmp.fragguard.Database initializeSchema
INFO: Migrated FragGuard's SQLite schema from version 1 to version 2.
Sep 13, 2026 9:40:53 AM org.pinnaclesmp.fragguard.Database initializeSchema
INFO: Migrated FragGuard's SQLite schema from version 2 to version 3.
Sep 13, 2026 9:40:53 AM org.pinnaclesmp.fragguard.Database initializeSchema
INFO: Migrated FragGuard's SQLite schema from version 3 to version 4.
Sep 13, 2026 9:40:53 AM org.pinnaclesmp.fragguard.Database initializeSchema
INFO: Migrated FragGuard's SQLite schema from version 0 to version 1.
Sep 13, 2026 9:40:53 AM org.pinnaclesmp.fragguard.Database initializeSchema
INFO: Migrated FragGuard's SQLite schema from version 1 to version 2.
Sep 13, 2026 9:40:53 AM org.pinnaclesmp.fragguard.Database initializeSchema
INFO: Migrated FragGuard's SQLite schema from version 2 to version 3.
Sep 13, 2026 9:40:53 AM org.pinnaclesmp.fragguard.Database initializeSchema
INFO: Migrated FragGuard's SQLite schema from version 3 to version 4.
Sep 13, 2026 9:40:53 AM org.pinnaclesmp.fragguard.Database initializeSchema
INFO: Migrated FragGuard's SQLite schema from version 0 to version 1.
Sep 13, 2026 9:40:53 AM org.pinnaclesmp.fragguard.Database initializeSchema
INFO: Migrated FragGuard's SQLite schema from version 1 to version 2.
Sep 13, 2026 9:40:53 AM org.pinnaclesmp.fragguard.Database initializeSchema
INFO: Migrated FragGuard's SQLite schema from version 2 to version 3.
Sep 13, 2026 9:40:53 AM org.pinnaclesmp.fragguard.Database initializeSchema
INFO: Migrated FragGuard's SQLite schema from version 3 to version 4.
Sep 13, 2026 9:40:53 AM org.pinnaclesmp.fragguard.Database initializeSchema
INFO: Migrated FragGuard's SQLite schema from version 0 to version 1.
Sep 13, 2026 9:40:53 AM org.pinnaclesmp.fragguard.Database initializeSchema
INFO: Migrated FragGuard's SQLite schema from version 1 to version 2.
Sep 13, 2026 9:40:53 AM org.pinnaclesmp.fragguard.Database initializeSchema
INFO: Migrated FragGuard's SQLite schema from version 2 to version 3.
Sep 13, 2026 9:40:53 AM org.pinnaclesmp.fragguard.Database initializeSchema
INFO: Migrated FragGuard's SQLite schema from version 3 to version 4.
Sep 13, 2026 9:40:53 AM org.pinnaclesmp.fragguard.Database initializeSchema
INFO: Migrated FragGuard's SQLite schema from version 0 to version 1.
Sep 13, 2026 9:40:53 AM org.pinnaclesmp.fragguard.Database initializeSchema
INFO: Migrated FragGuard's SQLite schema from version 1 to version 2.
Sep 13, 2026 9:40:53 AM org.pinnaclesmp.fragguard.Database initializeSchema
INFO: Migrated FragGuard's SQLite schema from version 2 to version 3.
Sep 13, 2026 9:40:53 AM org.pinnaclesmp.fragguard.Database initializeSchema
INFO: Migrated FragGuard's SQLite schema from version 3 to version 4.
Sep 13, 2026 9:40:53 AM org.pinnaclesmp.fragguard.Database initializeSchema
INFO: Migrated FragGuard's SQLite schema from version 0 to version 1.
Sep 13, 2026 9:40:53 AM org.pinnaclesmp.fragguard.Database initializeSchema
INFO: Migrated FragGuard's SQLite schema from version 1 to version 2.
Sep 13, 2026 9:40:53 AM org.pinnaclesmp.fragguard.Database initializeSchema
INFO: Migrated FragGuard's SQLite schema from version 2 to version 3.
Sep 13, 2026 9:40:53 AM org.pinnaclesmp.fragguard.Database initializeSchema
INFO: Migrated FragGuard's SQLite schema from version 3 to version 4.
Sep 13, 2026 9:40:53 AM org.pinnaclesmp.fragguard.Database initializeSchema
INFO: Migrated FragGuard's SQLite schema from version 0 to version 1.
Sep 13, 2026 9:40:53 AM org.pinnaclesmp.fragguard.Database initializeSchema
INFO: Migrated FragGuard's SQLite schema from version 1 to version 2.
Sep 13, 2026 9:40:53 AM org.pinnaclesmp.fragguard.Database initializeSchema
INFO: Migrated FragGuard's SQLite schema from version 2 to version 3.
Sep 13, 2026 9:40:53 AM org.pinnaclesmp.fragguard.Database initializeSchema
INFO: Migrated FragGuard's SQLite schema from version 3 to version 4.
Sep 13, 2026 9:40:53 AM org.pinnaclesmp.fragguard.Database initializeSchema
INFO: Migrated FragGuard's SQLite schema from version 0 to version 1.
Sep 13, 2026 9:40:53 AM org.pinnaclesmp.fragguard.Database initializeSchema
INFO: Migrated FragGuard's SQLite schema from version 1 to version 2.
Sep 13, 2026 9:40:53 AM org.pinnaclesmp.fragguard.Database initializeSchema
INFO: Migrated FragGuard's SQLite schema from version 2 to version 3.
Sep 13, 2026 9:40:53 AM org.pinnaclesmp.fragguard.Database initializeSchema
INFO: Migrated FragGuard's SQLite schema from version 3 to version 4.
Sep 13, 2026 9:40:53 AM org.pinnaclesmp.fragguard.Database initializeSchema
INFO: Migrated FragGuard's SQLite schema from version 0 to version 1.
Sep 13, 2026 9:40:53 AM org.pinnaclesmp.fragguard.Database initializeSchema
INFO: Migrated FragGuard's SQLite schema from version 1 to version 2.
Sep 13, 2026 9:40:53 AM org.pinnaclesmp.fragguard.Database initializeSchema
INFO: Migrated FragGuard's SQLite schema from version 2 to version 3.
Sep 13, 2026 9:40:53 AM org.pinnaclesmp.fragguard.Database initializeSchema
INFO: Migrated FragGuard's SQLite schema from version 3 to version 4.
Sep 13, 2026 9:40:53 AM org.pinnaclesmp.fragguard.Database initializeSchema
INFO: Migrated FragGuard's SQLite schema from version 0 to version 1.
Sep 13, 2026 9:40:53 AM org.pinnaclesmp.fragguard.Database initializeSchema
INFO: Migrated FragGuard's SQLite schema from version 1 to version 2.
Sep 13, 2026 9:40:53 AM org.pinnaclesmp.fragguard.Database initializeSchema
INFO: Migrated FragGuard's SQLite schema from version 2 to version 3.
Sep 13, 2026 9:40:53 AM org.pinnaclesmp.fragguard.Database initializeSchema
INFO: Migrated FragGuard's SQLite schema from version 3 to version 4.
Sep 13, 2026 9:40:53 AM org.pinnaclesmp.fragguard.Database preflightMigrationSpace
INFO: FragGuard migration storage preflight passed for full pre-migration backup and schema rewrite from v0 to v4: filesystem-reported available=85.69 GiB, estimated minimum free=512.0 MiB. Managed-host account quotas can be lower than the filesystem value.
Sep 13, 2026 9:40:53 AM org.pinnaclesmp.fragguard.Database createMigrationBackup
INFO: Created and verified FragGuard's pre-migration database backup: /tmp/junit-9621924052857114375/backups/fragguard.db.pre-migration-v0-to-v4-1789292453552.bak
Sep 13, 2026 9:40:53 AM org.pinnaclesmp.fragguard.Database runWorker
SEVERE: FragGuard database worker stopped unexpectedly
org.sqlite.SQLiteException: [SQLITE_ERROR] SQL error or missing database (no such column: action)
	at org.sqlite.core.DB.newSQLException(DB.java:1182)
	at org.sqlite.core.DB.newSQLException(DB.java:1193)
	at org.sqlite.core.DB.throwex(DB.java:1153)
	at org.sqlite.core.NativeDB.prepare_utf8(Native Method)
	at org.sqlite.core.NativeDB.prepare(NativeDB.java:135)
	at org.sqlite.core.DB.prepare(DB.java:265)
	at org.sqlite.core.CorePreparedStatement.<init>(CorePreparedStatement.java:46)
	at org.sqlite.jdbc3.JDBC3PreparedStatement.<init>(JDBC3PreparedStatement.java:33)
	at org.sqlite.jdbc4.JDBC4PreparedStatement.<init>(JDBC4PreparedStatement.java:28)
	at org.sqlite.jdbc4.JDBC4Connection.prepareStatement(JDBC4Connection.java:34)
	at org.sqlite.jdbc3.JDBC3Connection.prepareStatement(JDBC3Connection.java:225)
	at org.sqlite.jdbc3.JDBC3Connection.prepareStatement(JDBC3Connection.java:205)
	at org.pinnaclesmp.fragguard.Database.migrateActionIdentifiers(Database.java:1340)
	at org.pinnaclesmp.fragguard.Database.migrateUnversionedSchema(Database.java:1281)
	at org.pinnaclesmp.fragguard.Database.lambda$initializeSchema$0(Database.java:971)
	at org.pinnaclesmp.fragguard.Database.inTransaction(Database.java:1944)
	at org.pinnaclesmp.fragguard.Database.initializeSchema(Database.java:969)
	at org.pinnaclesmp.fragguard.Database.runWorker(Database.java:848)
	at org.pinnaclesmp.fragguard.Database.lambda$init$1(Database.java:116)
	at java.base/java.lang.Thread.run(Thread.java:1474)

Sep 13, 2026 9:40:53 AM org.pinnaclesmp.fragguard.Database initializeSchema
INFO: Migrated FragGuard's SQLite schema from version 0 to version 1.
Sep 13, 2026 9:40:53 AM org.pinnaclesmp.fragguard.Database initializeSchema
INFO: Migrated FragGuard's SQLite schema from version 1 to version 2.
Sep 13, 2026 9:40:53 AM org.pinnaclesmp.fragguard.Database initializeSchema
INFO: Migrated FragGuard's SQLite schema from version 2 to version 3.
Sep 13, 2026 9:40:53 AM org.pinnaclesmp.fragguard.Database initializeSchema
INFO: Migrated FragGuard's SQLite schema from version 3 to version 4.
Sep 13, 2026 9:40:53 AM org.pinnaclesmp.fragguard.Database initializeSchema
INFO: Migrated FragGuard's SQLite schema from version 0 to version 1.
Sep 13, 2026 9:40:53 AM org.pinnaclesmp.fragguard.Database initializeSchema
INFO: Migrated FragGuard's SQLite schema from version 1 to version 2.
Sep 13, 2026 9:40:53 AM org.pinnaclesmp.fragguard.Database initializeSchema
INFO: Migrated FragGuard's SQLite schema from version 2 to version 3.
Sep 13, 2026 9:40:53 AM org.pinnaclesmp.fragguard.Database initializeSchema
INFO: Migrated FragGuard's SQLite schema from version 3 to version 4.
Sep 13, 2026 9:40:53 AM org.pinnaclesmp.fragguard.Database preflightMigrationSpace
INFO: FragGuard migration storage preflight passed for full pre-migration backup and schema rewrite from v1 to v4: filesystem-reported available=85.69 GiB, estimated minimum free=512.0 MiB. Managed-host account quotas can be lower than the filesystem value.
Sep 13, 2026 9:40:53 AM org.pinnaclesmp.fragguard.Database createMigrationBackup
INFO: Created and verified FragGuard's pre-migration database backup: /tmp/junit-3868193315642930277/backups/fragguard.db.pre-migration-v1-to-v4-1789292453612.bak
Sep 13, 2026 9:40:53 AM org.pinnaclesmp.fragguard.Database initializeSchema
INFO: Migrated FragGuard's SQLite schema from version 1 to version 2.
Sep 13, 2026 9:40:53 AM org.pinnaclesmp.fragguard.Database initializeSchema
INFO: Migrated FragGuard's SQLite schema from version 2 to version 3.
Sep 13, 2026 9:40:53 AM org.pinnaclesmp.fragguard.Database initializeSchema
INFO: Migrated FragGuard's SQLite schema from version 3 to version 4.
Sep 13, 2026 9:40:53 AM org.pinnaclesmp.fragguard.Database preflightMigrationSpace
INFO: FragGuard migration storage preflight passed for full pre-migration backup and schema rewrite from v0 to v4: filesystem-reported available=85.69 GiB, estimated minimum free=512.0 MiB. Managed-host account quotas can be lower than the filesystem value.
Sep 13, 2026 9:40:53 AM org.pinnaclesmp.fragguard.Database createMigrationBackup
INFO: Created and verified FragGuard's pre-migration database backup: /tmp/junit-9309194593321141978/backups/fragguard.db.pre-migration-v0-to-v4-1789292453634.bak
Sep 13, 2026 9:40:53 AM org.pinnaclesmp.fragguard.Database initializeSchema
INFO: Migrated FragGuard's SQLite schema from version 0 to version 1.
Sep 13, 2026 9:40:53 AM org.pinnaclesmp.fragguard.Database initializeSchema
INFO: Migrated FragGuard's SQLite schema from version 1 to version 2.
Sep 13, 2026 9:40:53 AM org.pinnaclesmp.fragguard.Database initializeSchema
INFO: Migrated FragGuard's SQLite schema from version 2 to version 3.
Sep 13, 2026 9:40:53 AM org.pinnaclesmp.fragguard.Database initializeSchema
INFO: Migrated FragGuard's SQLite schema from version 3 to version 4.
Sep 13, 2026 9:40:53 AM org.pinnaclesmp.fragguard.Database initializeSchema
INFO: Migrated FragGuard's SQLite schema from version 0 to version 1.
Sep 13, 2026 9:40:53 AM org.pinnaclesmp.fragguard.Database initializeSchema
INFO: Migrated FragGuard's SQLite schema from version 1 to version 2.
Sep 13, 2026 9:40:53 AM org.pinnaclesmp.fragguard.Database initializeSchema
INFO: Migrated FragGuard's SQLite schema from version 2 to version 3.
Sep 13, 2026 9:40:53 AM org.pinnaclesmp.fragguard.Database initializeSchema
INFO: Migrated FragGuard's SQLite schema from version 3 to version 4.
Sep 13, 2026 9:40:53 AM org.pinnaclesmp.fragguard.Database initializeSchema
INFO: FragGuard schema v3->v4 only removes the obsolete persistent coalescing index; skipping a full database copy.
Sep 13, 2026 9:40:53 AM org.pinnaclesmp.fragguard.Database initializeSchema
INFO: Migrated FragGuard's SQLite schema from version 3 to version 4.
Sep 13, 2026 9:40:53 AM org.pinnaclesmp.fragguard.Database initializeSchema
INFO: Migrated FragGuard's SQLite schema from version 0 to version 1.
Sep 13, 2026 9:40:53 AM org.pinnaclesmp.fragguard.Database initializeSchema
INFO: Migrated FragGuard's SQLite schema from version 1 to version 2.
Sep 13, 2026 9:40:53 AM org.pinnaclesmp.fragguard.Database initializeSchema
INFO: Migrated FragGuard's SQLite schema from version 2 to version 3.
Sep 13, 2026 9:40:53 AM org.pinnaclesmp.fragguard.Database initializeSchema
INFO: Migrated FragGuard's SQLite schema from version 3 to version 4.
Sep 13, 2026 9:40:53 AM org.pinnaclesmp.fragguard.Database initializeSchema
INFO: Migrated FragGuard's SQLite schema from version 0 to version 1.
Sep 13, 2026 9:40:53 AM org.pinnaclesmp.fragguard.Database initializeSchema
INFO: Migrated FragGuard's SQLite schema from version 1 to version 2.
Sep 13, 2026 9:40:53 AM org.pinnaclesmp.fragguard.Database initializeSchema
INFO: Migrated FragGuard's SQLite schema from version 2 to version 3.
Sep 13, 2026 9:40:53 AM org.pinnaclesmp.fragguard.Database initializeSchema
INFO: Migrated FragGuard's SQLite schema from version 3 to version 4.
Sep 13, 2026 9:40:53 AM org.pinnaclesmp.fragguard.Database runWorker
SEVERE: FragGuard database worker stopped unexpectedly
java.sql.SQLException: FragGuard database schema version 99 is newer than the supported version 4. Upgrade FragGuard instead of opening this database with an older plugin.
	at org.pinnaclesmp.fragguard.Database.initializeSchema(Database.java:943)
	at org.pinnaclesmp.fragguard.Database.runWorker(Database.java:848)
	at org.pinnaclesmp.fragguard.Database.lambda$init$1(Database.java:116)
	at java.base/java.lang.Thread.run(Thread.java:1474)

Sep 13, 2026 9:40:53 AM org.pinnaclesmp.fragguard.Database initializeSchema
INFO: Migrated FragGuard's SQLite schema from version 0 to version 1.
Sep 13, 2026 9:40:53 AM org.pinnaclesmp.fragguard.Database initializeSchema
INFO: Migrated FragGuard's SQLite schema from version 1 to version 2.
Sep 13, 2026 9:40:53 AM org.pinnaclesmp.fragguard.Database initializeSchema
INFO: Migrated FragGuard's SQLite schema from version 2 to version 3.
Sep 13, 2026 9:40:53 AM org.pinnaclesmp.fragguard.Database initializeSchema
INFO: Migrated FragGuard's SQLite schema from version 3 to version 4.
Sep 13, 2026 9:40:53 AM org.pinnaclesmp.fragguard.Database initializeSchema
INFO: Migrated FragGuard's SQLite schema from version 0 to version 1.
Sep 13, 2026 9:40:53 AM org.pinnaclesmp.fragguard.Database initializeSchema
INFO: Migrated FragGuard's SQLite schema from version 1 to version 2.
Sep 13, 2026 9:40:53 AM org.pinnaclesmp.fragguard.Database initializeSchema
INFO: Migrated FragGuard's SQLite schema from version 2 to version 3.
Sep 13, 2026 9:40:53 AM org.pinnaclesmp.fragguard.Database initializeSchema
INFO: Migrated FragGuard's SQLite schema from version 3 to version 4.
Sep 13, 2026 9:40:53 AM org.pinnaclesmp.fragguard.Database initializeSchema
INFO: Migrated FragGuard's SQLite schema from version 0 to version 1.
Sep 13, 2026 9:40:53 AM org.pinnaclesmp.fragguard.Database initializeSchema
INFO: Migrated FragGuard's SQLite schema from version 1 to version 2.
Sep 13, 2026 9:40:53 AM org.pinnaclesmp.fragguard.Database initializeSchema
INFO: Migrated FragGuard's SQLite schema from version 2 to version 3.
Sep 13, 2026 9:40:53 AM org.pinnaclesmp.fragguard.Database initializeSchema
INFO: Migrated FragGuard's SQLite schema from version 3 to version 4.
Sep 13, 2026 9:40:53 AM org.pinnaclesmp.fragguard.Database initializeSchema
INFO: Migrated FragGuard's SQLite schema from version 0 to version 1.
Sep 13, 2026 9:40:53 AM org.pinnaclesmp.fragguard.Database initializeSchema
INFO: Migrated FragGuard's SQLite schema from version 1 to version 2.
Sep 13, 2026 9:40:53 AM org.pinnaclesmp.fragguard.Database initializeSchema
INFO: Migrated FragGuard's SQLite schema from version 2 to version 3.
Sep 13, 2026 9:40:53 AM org.pinnaclesmp.fragguard.Database initializeSchema
INFO: Migrated FragGuard's SQLite schema from version 3 to version 4.
Sep 13, 2026 9:40:53 AM org.pinnaclesmp.fragguard.Database initializeSchema
INFO: Migrated FragGuard's SQLite schema from version 0 to version 1.
Sep 13, 2026 9:40:53 AM org.pinnaclesmp.fragguard.Database initializeSchema
INFO: Migrated FragGuard's SQLite schema from version 1 to version 2.
Sep 13, 2026 9:40:53 AM org.pinnaclesmp.fragguard.Database initializeSchema
INFO: Migrated FragGuard's SQLite schema from version 2 to version 3.
Sep 13, 2026 9:40:53 AM org.pinnaclesmp.fragguard.Database initializeSchema
INFO: Migrated FragGuard's SQLite schema from version 3 to version 4.
Sep 13, 2026 9:40:53 AM org.pinnaclesmp.fragguard.Database initializeSchema
INFO: Migrated FragGuard's SQLite schema from version 0 to version 1.
Sep 13, 2026 9:40:53 AM org.pinnaclesmp.fragguard.Database initializeSchema
INFO: Migrated FragGuard's SQLite schema from version 1 to version 2.
Sep 13, 2026 9:40:53 AM org.pinnaclesmp.fragguard.Database initializeSchema
INFO: Migrated FragGuard's SQLite schema from version 2 to version 3.
Sep 13, 2026 9:40:53 AM org.pinnaclesmp.fragguard.Database initializeSchema
INFO: Migrated FragGuard's SQLite schema from version 3 to version 4.
Sep 13, 2026 9:40:53 AM org.pinnaclesmp.fragguard.Database initializeSchema
INFO: Migrated FragGuard's SQLite schema from version 0 to version 1.
Sep 13, 2026 9:40:53 AM org.pinnaclesmp.fragguard.Database initializeSchema
INFO: Migrated FragGuard's SQLite schema from version 1 to version 2.
Sep 13, 2026 9:40:53 AM org.pinnaclesmp.fragguard.Database initializeSchema
INFO: Migrated FragGuard's SQLite schema from version 2 to version 3.
Sep 13, 2026 9:40:53 AM org.pinnaclesmp.fragguard.Database initializeSchema
INFO: Migrated FragGuard's SQLite schema from version 3 to version 4.
Sep 13, 2026 9:40:53 AM org.pinnaclesmp.fragguard.Database preflightMigrationSpace
INFO: FragGuard migration storage preflight passed for full pre-migration backup and schema rewrite from v1 to v4: filesystem-reported available=85.69 GiB, estimated minimum free=512.0 MiB. Managed-host account quotas can be lower than the filesystem value.
Sep 13, 2026 9:40:53 AM org.pinnaclesmp.fragguard.Database createMigrationBackup
INFO: Created and verified FragGuard's pre-migration database backup: /tmp/junit-261848477217614705/backups/fragguard.db.pre-migration-v1-to-v4-1789292453895.bak
Sep 13, 2026 9:40:53 AM org.pinnaclesmp.fragguard.Database initializeSchema
INFO: Migrated FragGuard's SQLite schema from version 1 to version 2.
Sep 13, 2026 9:40:53 AM org.pinnaclesmp.fragguard.Database initializeSchema
INFO: Migrated FragGuard's SQLite schema from version 2 to version 3.
Sep 13, 2026 9:40:53 AM org.pinnaclesmp.fragguard.Database initializeSchema
INFO: Migrated FragGuard's SQLite schema from version 3 to version 4.
Sep 13, 2026 9:40:53 AM org.pinnaclesmp.fragguard.Database initializeSchema
INFO: Migrated FragGuard's SQLite schema from version 0 to version 1.
Sep 13, 2026 9:40:53 AM org.pinnaclesmp.fragguard.Database initializeSchema
INFO: Migrated FragGuard's SQLite schema from version 1 to version 2.
Sep 13, 2026 9:40:53 AM org.pinnaclesmp.fragguard.Database initializeSchema
INFO: Migrated FragGuard's SQLite schema from version 2 to version 3.
Sep 13, 2026 9:40:53 AM org.pinnaclesmp.fragguard.Database initializeSchema
INFO: Migrated FragGuard's SQLite schema from version 3 to version 4.
Sep 13, 2026 9:40:53 AM org.pinnaclesmp.fragguard.Database initializeSchema
INFO: Migrated FragGuard's SQLite schema from version 0 to version 1.
Sep 13, 2026 9:40:53 AM org.pinnaclesmp.fragguard.Database initializeSchema
INFO: Migrated FragGuard's SQLite schema from version 1 to version 2.
Sep 13, 2026 9:40:53 AM org.pinnaclesmp.fragguard.Database initializeSchema
INFO: Migrated FragGuard's SQLite schema from version 2 to version 3.
Sep 13, 2026 9:40:53 AM org.pinnaclesmp.fragguard.Database initializeSchema
INFO: Migrated FragGuard's SQLite schema from version 3 to version 4.
Sep 13, 2026 9:40:53 AM org.pinnaclesmp.fragguard.Database initializeSchema
INFO: Migrated FragGuard's SQLite schema from version 0 to version 1.
Sep 13, 2026 9:40:53 AM org.pinnaclesmp.fragguard.Database initializeSchema
INFO: Migrated FragGuard's SQLite schema from version 1 to version 2.
Sep 13, 2026 9:40:53 AM org.pinnaclesmp.fragguard.Database initializeSchema
INFO: Migrated FragGuard's SQLite schema from version 2 to version 3.
Sep 13, 2026 9:40:53 AM org.pinnaclesmp.fragguard.Database initializeSchema
INFO: Migrated FragGuard's SQLite schema from version 3 to version 4.
Sep 13, 2026 9:40:53 AM org.pinnaclesmp.fragguard.Database preflightMigrationSpace
INFO: FragGuard migration storage preflight passed for full pre-migration backup and schema rewrite from v0 to v4: filesystem-reported available=85.69 GiB, estimated minimum free=512.0 MiB. Managed-host account quotas can be lower than the filesystem value.
Sep 13, 2026 9:40:53 AM org.pinnaclesmp.fragguard.Database createMigrationBackup
INFO: Created and verified FragGuard's pre-migration database backup: /tmp/junit-13587223313198041522/backups/fragguard.db.pre-migration-v0-to-v4-1789292453966.bak
Sep 13, 2026 9:40:53 AM org.pinnaclesmp.fragguard.Database initializeSchema
INFO: Migrated FragGuard's SQLite schema from version 0 to version 1.
Sep 13, 2026 9:40:53 AM org.pinnaclesmp.fragguard.Database initializeSchema
INFO: Migrated FragGuard's SQLite schema from version 1 to version 2.
Sep 13, 2026 9:40:53 AM org.pinnaclesmp.fragguard.Database initializeSchema
INFO: Migrated FragGuard's SQLite schema from version 2 to version 3.
Sep 13, 2026 9:40:53 AM org.pinnaclesmp.fragguard.Database initializeSchema
INFO: Migrated FragGuard's SQLite schema from version 3 to version 4.
Sep 13, 2026 9:40:53 AM org.pinnaclesmp.fragguard.Database initializeSchema
INFO: Migrated FragGuard's SQLite schema from version 0 to version 1.
Sep 13, 2026 9:40:53 AM org.pinnaclesmp.fragguard.Database initializeSchema
INFO: Migrated FragGuard's SQLite schema from version 1 to version 2.
Sep 13, 2026 9:40:53 AM org.pinnaclesmp.fragguard.Database initializeSchema
INFO: Migrated FragGuard's SQLite schema from version 2 to version 3.
Sep 13, 2026 9:40:53 AM org.pinnaclesmp.fragguard.Database initializeSchema
INFO: Migrated FragGuard's SQLite schema from version 3 to version 4.
Sep 13, 2026 9:40:53 AM org.pinnaclesmp.fragguard.Database initializeSchema
INFO: Migrated FragGuard's SQLite schema from version 0 to version 1.
Sep 13, 2026 9:40:54 AM org.pinnaclesmp.fragguard.Database initializeSchema
INFO: Migrated FragGuard's SQLite schema from version 1 to version 2.
Sep 13, 2026 9:40:54 AM org.pinnaclesmp.fragguard.Database initializeSchema
INFO: Migrated FragGuard's SQLite schema from version 2 to version 3.
Sep 13, 2026 9:40:54 AM org.pinnaclesmp.fragguard.Database initializeSchema
INFO: Migrated FragGuard's SQLite schema from version 3 to version 4.
Sep 13, 2026 9:40:54 AM org.pinnaclesmp.fragguard.Database initializeSchema
INFO: Migrated FragGuard's SQLite schema from version 0 to version 1.
Sep 13, 2026 9:40:54 AM org.pinnaclesmp.fragguard.Database initializeSchema
INFO: Migrated FragGuard's SQLite schema from version 1 to version 2.
Sep 13, 2026 9:40:54 AM org.pinnaclesmp.fragguard.Database initializeSchema
INFO: Migrated FragGuard's SQLite schema from version 2 to version 3.
Sep 13, 2026 9:40:54 AM org.pinnaclesmp.fragguard.Database initializeSchema
INFO: Migrated FragGuard's SQLite schema from version 3 to version 4.
Sep 13, 2026 9:40:54 AM org.pinnaclesmp.fragguard.Database initializeSchema
INFO: Migrated FragGuard's SQLite schema from version 0 to version 1.
Sep 13, 2026 9:40:54 AM org.pinnaclesmp.fragguard.Database initializeSchema
INFO: Migrated FragGuard's SQLite schema from version 1 to version 2.
Sep 13, 2026 9:40:54 AM org.pinnaclesmp.fragguard.Database initializeSchema
INFO: Migrated FragGuard's SQLite schema from version 2 to version 3.
Sep 13, 2026 9:40:54 AM org.pinnaclesmp.fragguard.Database initializeSchema
INFO: Migrated FragGuard's SQLite schema from version 3 to version 4.
]]></system-err>
</testsuite>
