<?xml version="1.0" encoding="UTF-8"?>
<testsuite name="org.pinnaclesmp.fragguard.RollbackChunkPlanTest" tests="4" skipped="0" failures="0" errors="0" timestamp="2026-09-12T21:54:00.817Z" hostname="runnervmlun5p" time="0.003">
  <properties/>
  <testcase name="countsPreviewChunksAcrossPositiveAndNegativeBoundaries()" classname="org.pinnaclesmp.fragguard.RollbackChunkPlanTest" time="0.001"/>
  <testcase name="undoPreservesTheExactReverseOfInterleavedChunkExecution()" classname="org.pinnaclesmp.fragguard.RollbackChunkPlanTest" time="0.001"/>
  <testcase name="keepsMatchingChunkCoordinatesInDifferentWorldsSeparate()" classname="org.pinnaclesmp.fragguard.RollbackChunkPlanTest" time="0.0"/>
  <testcase name="preservesSequenceWhenRollbackRevisitsAnEarlierChunk()" classname="org.pinnaclesmp.fragguard.RollbackChunkPlanTest" time="0.001"/>
  <system-out><![CDATA[]]></system-out>
  <system-err><![CDATA[]]></system-err>
</testsuite>
