<?xml version="1.0" encoding="UTF-8"?>
<testsuite name="org.pinnaclesmp.fragguard.MigrationStoragePolicyTest" tests="3" skipped="0" failures="0" errors="0" timestamp="2026-09-13T07:11:07.501Z" hostname="runnervmlun5p" time="0.002">
  <properties/>
  <testcase name="onlyDataChangingLegacyMigrationsRequireFullDatabaseBackup()" classname="org.pinnaclesmp.fragguard.MigrationStoragePolicyTest" time="0.001"/>
  <testcase name="missingIndexMeasurementFallsBackToBoundedDatabaseEstimateForRetry()" classname="org.pinnaclesmp.fragguard.MigrationStoragePolicyTest" time="0.0"/>
  <testcase name="sixGigabyteVersionThreeDatabaseCanUseIndexOnlyWorkingSpaceInsteadOfFullDuplicate()" classname="org.pinnaclesmp.fragguard.MigrationStoragePolicyTest" time="0.001"/>
  <system-out><![CDATA[]]></system-out>
  <system-err><![CDATA[]]></system-err>
</testsuite>
