<?xml version="1.0" encoding="UTF-8"?>
<testsuite name="org.pinnaclesmp.fragguard.FertilizationDeduplicatorTest" tests="3" skipped="0" failures="0" errors="0" timestamp="2026-09-13T09:40:54.073Z" hostname="runnervmlun5p" time="0.008">
  <properties/>
  <testcase name="forgetsStructureCoordinatesWhenTheServerTickChanges()" classname="org.pinnaclesmp.fragguard.FertilizationDeduplicatorTest" time="0.005"/>
  <testcase name="excludesOnlyBlocksClaimedByBonemealedStructureGrowthInTheSameTick()" classname="org.pinnaclesmp.fragguard.FertilizationDeduplicatorTest" time="0.002"/>
  <testcase name="leavesOrdinaryFertilizationUntouchedWithoutARecordedStructure()" classname="org.pinnaclesmp.fragguard.FertilizationDeduplicatorTest" time="0.0"/>
  <system-out><![CDATA[]]></system-out>
  <system-err><![CDATA[]]></system-err>
</testsuite>
