<?xml version="1.0" encoding="UTF-8"?>
<testsuite name="org.pinnaclesmp.fragguard.RollbackCompletedResultQueueRetryRegressionTest" tests="1" skipped="0" failures="0" errors="0" timestamp="2026-09-12T22:16:10.391Z" hostname="runnervmlun5p" time="0.004">
  <properties/>
  <testcase name="completedResultPersistenceRetriesTransientOperationQueuePressure()" classname="org.pinnaclesmp.fragguard.RollbackCompletedResultQueueRetryRegressionTest" time="0.004"/>
  <system-out><![CDATA[]]></system-out>
  <system-err><![CDATA[]]></system-err>
</testsuite>
