<?xml version="1.0" encoding="UTF-8"?>
<testsuite name="org.pinnaclesmp.fragguard.RollbackPendingRecoveryConflictRegressionTest" tests="1" skipped="0" failures="0" errors="0" timestamp="2026-09-12T22:16:10.456Z" hostname="runnervmlun5p" time="0.001">
  <properties/>
  <testcase name="ambiguousPendingRecoveryFailsClosedAsConflict()" classname="org.pinnaclesmp.fragguard.RollbackPendingRecoveryConflictRegressionTest" time="0.001"/>
  <system-out><![CDATA[]]></system-out>
  <system-err><![CDATA[]]></system-err>
</testsuite>
