<?xml version="1.0" encoding="UTF-8"?>
<testsuite name="org.pinnaclesmp.fragguard.RollbackUndoAmbiguityRegressionTest" tests="2" skipped="0" failures="0" errors="0" timestamp="2026-09-12T22:16:10.526Z" hostname="runnervmlun5p" time="0.002">
  <properties/>
  <testcase name="legacyPendingUndoDoesNotTreatTargetAsItsPreMutationState()" classname="org.pinnaclesmp.fragguard.RollbackUndoAmbiguityRegressionTest" time="0.001"/>
  <testcase name="missingAppliedEntitySnapshotCannotActAsAnUndoWildcard()" classname="org.pinnaclesmp.fragguard.RollbackUndoAmbiguityRegressionTest" time="0.0"/>
  <system-out><![CDATA[]]></system-out>
  <system-err><![CDATA[]]></system-err>
</testsuite>
