<?xml version="1.0" encoding="UTF-8"?>
<testsuite name="org.pinnaclesmp.fragguard.RollbackSafetyRegressionTest" tests="3" skipped="0" failures="0" errors="0" timestamp="2026-09-13T07:11:08.046Z" hostname="runnervmlun5p" time="0.049">
  <properties/>
  <testcase name="schemaTwoMigrationKeepsLegacyAppliedStateUnknown()" classname="org.pinnaclesmp.fragguard.RollbackSafetyRegressionTest" time="0.044"/>
  <testcase name="forceRetryExhaustionCommitsCompletedResultsBeforeFailing()" classname="org.pinnaclesmp.fragguard.RollbackSafetyRegressionTest" time="0.001"/>
  <testcase name="unknownLegacyAppliedStateDoesNotUseTheStrictUndoConflictComparator()" classname="org.pinnaclesmp.fragguard.RollbackSafetyRegressionTest" time="0.001"/>
  <system-out><![CDATA[]]></system-out>
  <system-err><![CDATA[Sep 13, 2026 7:11:08 AM org.pinnaclesmp.fragguard.Database initializeSchema
INFO: Migrated FragGuard's SQLite schema from version 0 to version 1.
Sep 13, 2026 7:11:08 AM org.pinnaclesmp.fragguard.Database initializeSchema
INFO: Migrated FragGuard's SQLite schema from version 1 to version 2.
Sep 13, 2026 7:11:08 AM org.pinnaclesmp.fragguard.Database initializeSchema
INFO: Migrated FragGuard's SQLite schema from version 2 to version 3.
Sep 13, 2026 7:11:08 AM org.pinnaclesmp.fragguard.Database initializeSchema
INFO: Migrated FragGuard's SQLite schema from version 3 to version 4.
Sep 13, 2026 7:11:08 AM org.pinnaclesmp.fragguard.Database preflightMigrationSpace
INFO: FragGuard migration storage preflight passed for full pre-migration backup and schema rewrite from v2 to v4: available=85.69 GiB, estimated minimum free=512.0 MiB.
Sep 13, 2026 7:11:08 AM org.pinnaclesmp.fragguard.Database createMigrationBackup
INFO: Created and verified FragGuard's pre-migration database backup: /tmp/junit-2493712105650900646/backups/fragguard.db.pre-migration-v2-to-v4-1789283468078.bak
Sep 13, 2026 7:11:08 AM org.pinnaclesmp.fragguard.Database initializeSchema
INFO: Migrated FragGuard's SQLite schema from version 2 to version 3.
Sep 13, 2026 7:11:08 AM org.pinnaclesmp.fragguard.Database initializeSchema
INFO: Migrated FragGuard's SQLite schema from version 3 to version 4.
]]></system-err>
</testsuite>
