<?xml version="1.0" encoding="UTF-8"?>
<testsuite name="org.pinnaclesmp.fragguard.RollbackSafetyRegressionTest" tests="3" skipped="0" failures="0" errors="0" timestamp="2026-09-13T09:40:54.694Z" hostname="runnervmlun5p" time="0.044">
  <properties/>
  <testcase name="schemaTwoMigrationKeepsLegacyAppliedStateUnknown()" classname="org.pinnaclesmp.fragguard.RollbackSafetyRegressionTest" time="0.037"/>
  <testcase name="forceRetryExhaustionCommitsCompletedResultsBeforeFailing()" classname="org.pinnaclesmp.fragguard.RollbackSafetyRegressionTest" time="0.003"/>
  <testcase name="unknownLegacyAppliedStateDoesNotUseTheStrictUndoConflictComparator()" classname="org.pinnaclesmp.fragguard.RollbackSafetyRegressionTest" time="0.002"/>
  <system-out><![CDATA[]]></system-out>
  <system-err><![CDATA[Sep 13, 2026 9:40:54 AM org.pinnaclesmp.fragguard.Database initializeSchema
INFO: Migrated FragGuard's SQLite schema from version 0 to version 1.
Sep 13, 2026 9:40:54 AM org.pinnaclesmp.fragguard.Database initializeSchema
INFO: Migrated FragGuard's SQLite schema from version 1 to version 2.
Sep 13, 2026 9:40:54 AM org.pinnaclesmp.fragguard.Database initializeSchema
INFO: Migrated FragGuard's SQLite schema from version 2 to version 3.
Sep 13, 2026 9:40:54 AM org.pinnaclesmp.fragguard.Database initializeSchema
INFO: Migrated FragGuard's SQLite schema from version 3 to version 4.
Sep 13, 2026 9:40:54 AM org.pinnaclesmp.fragguard.Database preflightMigrationSpace
INFO: FragGuard migration storage preflight passed for full pre-migration backup and schema rewrite from v2 to v4: filesystem-reported available=85.69 GiB, estimated minimum free=512.0 MiB. Managed-host account quotas can be lower than the filesystem value.
Sep 13, 2026 9:40:54 AM org.pinnaclesmp.fragguard.Database createMigrationBackup
INFO: Created and verified FragGuard's pre-migration database backup: /tmp/junit-10427640373866290213/backups/fragguard.db.pre-migration-v2-to-v4-1789292454722.bak
Sep 13, 2026 9:40:54 AM org.pinnaclesmp.fragguard.Database initializeSchema
INFO: Migrated FragGuard's SQLite schema from version 2 to version 3.
Sep 13, 2026 9:40:54 AM org.pinnaclesmp.fragguard.Database initializeSchema
INFO: Migrated FragGuard's SQLite schema from version 3 to version 4.
]]></system-err>
</testsuite>
