<?xml version="1.0" encoding="UTF-8"?>
<testsuite name="org.pinnaclesmp.fragguard.LookupRequestGenerationTest" tests="2" skipped="0" failures="0" errors="0" timestamp="2026-09-13T07:11:07.499Z" hostname="runnervmlun5p" time="0.002">
  <properties/>
  <testcase name="rejectsOlderLookupWhenNewerCompletesFirst()" classname="org.pinnaclesmp.fragguard.LookupRequestGenerationTest" time="0.001"/>
  <testcase name="invalidationRejectsPendingLookup()" classname="org.pinnaclesmp.fragguard.LookupRequestGenerationTest" time="0.0"/>
  <system-out><![CDATA[]]></system-out>
  <system-err><![CDATA[]]></system-err>
</testsuite>
