<?xml version="1.0" encoding="UTF-8"?>
<testsuite name="org.pinnaclesmp.fragguard.DatabaseShutdownTest" tests="8" skipped="0" failures="0" errors="0" timestamp="2026-09-13T09:40:52.745Z" hostname="runnervmlun5p" time="0.272">
  <properties/>
  <testcase name="shutdownDrainsCurrentTickWritesAndCheckpointsWal()" classname="org.pinnaclesmp.fragguard.DatabaseShutdownTest" time="0.262"/>
  <testcase name="liveWorkerWriteBatchIsReportedAsUnconfirmed()" classname="org.pinnaclesmp.fragguard.DatabaseShutdownTest" time="0.002"/>
  <testcase name="abandonedWritesAreNotCountedAsDrained()" classname="org.pinnaclesmp.fragguard.DatabaseShutdownTest" time="0.001"/>
  <testcase name="activeDatabaseErrorIsVisibleEvenWhileWorkerIsReachable()" classname="org.pinnaclesmp.fragguard.DatabaseShutdownTest" time="0.001"/>
  <testcase name="liveWorkerOperationIsIncludedInRemainingOperations()" classname="org.pinnaclesmp.fragguard.DatabaseShutdownTest" time="0.001"/>
  <testcase name="anyKnownDroppedWriteKeepsStorageVisiblyDegraded()" classname="org.pinnaclesmp.fragguard.DatabaseShutdownTest" time="0.001"/>
  <testcase name="claimedBatchRemainsPartOfAtomicShutdownOutstandingCount()" classname="org.pinnaclesmp.fragguard.DatabaseShutdownTest" time="0.001"/>
  <testcase name="priorSessionWriteLossPreventsCleanShutdown()" classname="org.pinnaclesmp.fragguard.DatabaseShutdownTest" time="0.001"/>
  <system-out><![CDATA[]]></system-out>
  <system-err><![CDATA[Sep 13, 2026 9:40:52 AM org.pinnaclesmp.fragguard.Database initializeSchema
INFO: Migrated FragGuard's SQLite schema from version 0 to version 1.
Sep 13, 2026 9:40:52 AM org.pinnaclesmp.fragguard.Database initializeSchema
INFO: Migrated FragGuard's SQLite schema from version 1 to version 2.
Sep 13, 2026 9:40:52 AM org.pinnaclesmp.fragguard.Database initializeSchema
INFO: Migrated FragGuard's SQLite schema from version 2 to version 3.
Sep 13, 2026 9:40:52 AM org.pinnaclesmp.fragguard.Database initializeSchema
INFO: Migrated FragGuard's SQLite schema from version 3 to version 4.
]]></system-err>
</testsuite>
