<?xml version="1.0" encoding="UTF-8"?>
<testsuite name="org.pinnaclesmp.fragguard.RollbackAuditTest" tests="2" skipped="0" failures="0" errors="0" timestamp="2026-09-12T22:16:09.961Z" hostname="runnervmlun5p" time="0.002">
  <properties/>
  <testcase name="createsRollbackAuditWithOperatorJobAndBlockTransition()" classname="org.pinnaclesmp.fragguard.RollbackAuditTest" time="0.001"/>
  <testcase name="suppressionIsNestedAndAlwaysRestored()" classname="org.pinnaclesmp.fragguard.RollbackAuditTest" time="0.001"/>
  <system-out><![CDATA[]]></system-out>
  <system-err><![CDATA[]]></system-err>
</testsuite>
