<?xml version="1.0" encoding="UTF-8"?>
<testsuite name="org.pinnaclesmp.fragguard.GuiLookupCutoffTest" tests="1" skipped="0" failures="0" errors="0" timestamp="2026-09-13T07:11:07.450Z" hostname="runnervmlun5p" time="0.039">
  <properties/>
  <testcase name="shortGuiWindowCountsAndSelectsOnlyRowsInsideItsCutoff()" classname="org.pinnaclesmp.fragguard.GuiLookupCutoffTest" time="0.038"/>
  <system-out><![CDATA[]]></system-out>
  <system-err><![CDATA[Sep 13, 2026 7:11:07 AM org.pinnaclesmp.fragguard.Database initializeSchema
INFO: Migrated FragGuard's SQLite schema from version 0 to version 1.
Sep 13, 2026 7:11:07 AM org.pinnaclesmp.fragguard.Database initializeSchema
INFO: Migrated FragGuard's SQLite schema from version 1 to version 2.
Sep 13, 2026 7:11:07 AM org.pinnaclesmp.fragguard.Database initializeSchema
INFO: Migrated FragGuard's SQLite schema from version 2 to version 3.
Sep 13, 2026 7:11:07 AM org.pinnaclesmp.fragguard.Database initializeSchema
INFO: Migrated FragGuard's SQLite schema from version 3 to version 4.
]]></system-err>
</testsuite>
