<?xml version="1.0" encoding="UTF-8"?>
<testsuite name="org.pinnaclesmp.fragguard.RollbackStateGuardTest" tests="3" skipped="0" failures="0" errors="0" timestamp="2026-09-13T07:11:08.096Z" hostname="runnervmlun5p" time="0.003">
  <properties/>
  <testcase name="permitsExpectedSnapshotStateAndRecognizesAlreadyRestoredState()" classname="org.pinnaclesmp.fragguard.RollbackStateGuardTest" time="0.001"/>
  <testcase name="skipsLiveChangesThatNoLongerMatchSnapshot()" classname="org.pinnaclesmp.fragguard.RollbackStateGuardTest" time="0.0"/>
  <testcase name="forceCanApplyAConflictButAuditMustStillBeRevalidated()" classname="org.pinnaclesmp.fragguard.RollbackStateGuardTest" time="0.001"/>
  <system-out><![CDATA[]]></system-out>
  <system-err><![CDATA[]]></system-err>
</testsuite>
