<?xml version="1.0" encoding="UTF-8"?>
<testsuite name="org.pinnaclesmp.fragguard.StorageWarningThrottleTest" tests="2" skipped="0" failures="0" errors="0" timestamp="2026-09-12T21:54:00.961Z" hostname="runnervmlun5p" time="0.001">
  <properties/>
  <testcase name="repeatedWarningWaitsForConfiguredInterval()" classname="org.pinnaclesmp.fragguard.StorageWarningThrottleTest" time="0.001"/>
  <testcase name="firstDegradedWarningIsImmediate()" classname="org.pinnaclesmp.fragguard.StorageWarningThrottleTest" time="0.0"/>
  <system-out><![CDATA[]]></system-out>
  <system-err><![CDATA[]]></system-err>
</testsuite>
