<?xml version="1.0" encoding="UTF-8"?>
<testsuite name="org.pinnaclesmp.fragguard.RollbackLaterSliceFailureRegressionTest" tests="2" skipped="0" failures="0" errors="0" timestamp="2026-09-12T22:16:10.439Z" hostname="runnervmlun5p" time="0.003">
  <properties/>
  <testcase name="pendingAuditInsertionFailurePersistsEarlierCompletedSlices()" classname="org.pinnaclesmp.fragguard.RollbackLaterSliceFailureRegressionTest" time="0.001"/>
  <testcase name="laterSlicePreparationFailuresUseTheSameDurabilityBoundary()" classname="org.pinnaclesmp.fragguard.RollbackLaterSliceFailureRegressionTest" time="0.001"/>
  <system-out><![CDATA[]]></system-out>
  <system-err><![CDATA[]]></system-err>
</testsuite>
