<?xml version="1.0" encoding="UTF-8"?>
<testsuite name="org.pinnaclesmp.fragguard.MigrationStoragePolicyTest" tests="2" skipped="0" failures="0" errors="0" timestamp="2026-09-13T09:40:54.124Z" hostname="runnervmlun5p" time="0.001">
  <properties/>
  <testcase name="fullBackupMigrationEstimateStillIncludesDatabaseCopyAndWorkingSpace()" classname="org.pinnaclesmp.fragguard.MigrationStoragePolicyTest" time="0.001"/>
  <testcase name="onlyDataChangingLegacyMigrationsRequireFullDatabaseBackup()" classname="org.pinnaclesmp.fragguard.MigrationStoragePolicyTest" time="0.0"/>
  <system-out><![CDATA[]]></system-out>
  <system-err><![CDATA[]]></system-err>
</testsuite>
