<?xml version="1.0" encoding="UTF-8"?>
<testsuite name="org.pinnaclesmp.fragguard.RollbackLaterSliceFailureRegressionTest" tests="2" skipped="0" failures="0" errors="0" timestamp="2026-09-13T09:40:54.651Z" hostname="runnervmlun5p" time="0.004">
  <properties/>
  <testcase name="pendingAuditInsertionFailurePersistsEarlierCompletedSlices()" classname="org.pinnaclesmp.fragguard.RollbackLaterSliceFailureRegressionTest" time="0.002"/>
  <testcase name="laterSlicePreparationFailuresUseTheSameDurabilityBoundary()" classname="org.pinnaclesmp.fragguard.RollbackLaterSliceFailureRegressionTest" time="0.002"/>
  <system-out><![CDATA[]]></system-out>
  <system-err><![CDATA[]]></system-err>
</testsuite>
