<?xml version="1.0" encoding="UTF-8"?>
<testsuite name="org.pinnaclesmp.fragguard.StorageWarningThrottleTest" tests="2" skipped="0" failures="0" errors="0" timestamp="2026-09-13T07:11:08.129Z" hostname="runnervmlun5p" time="0.004">
  <properties/>
  <testcase name="repeatedWarningWaitsForConfiguredInterval()" classname="org.pinnaclesmp.fragguard.StorageWarningThrottleTest" time="0.0"/>
  <testcase name="firstDegradedWarningIsImmediate()" classname="org.pinnaclesmp.fragguard.StorageWarningThrottleTest" time="0.003"/>
  <system-out><![CDATA[]]></system-out>
  <system-err><![CDATA[]]></system-err>
</testsuite>
