<?xml version="1.0" encoding="UTF-8"?>
<testsuite name="org.pinnaclesmp.fragguard.DatabaseStartupAwaiterTest" tests="3" skipped="0" failures="0" errors="0" timestamp="2026-09-12T21:53:59.327Z" hostname="runnervmlun5p" time="0.131">
  <properties/>
  <testcase name="warningDoesNotAbortStartupWhenHardTimeoutIsDisabled()" classname="org.pinnaclesmp.fragguard.DatabaseStartupAwaiterTest" time="0.086"/>
  <testcase name="workerFailureIsPropagatedImmediately()" classname="org.pinnaclesmp.fragguard.DatabaseStartupAwaiterTest" time="0.001"/>
  <testcase name="optionalHardTimeoutStillStopsAnUnboundedStartupWait()" classname="org.pinnaclesmp.fragguard.DatabaseStartupAwaiterTest" time="0.042"/>
  <system-out><![CDATA[]]></system-out>
  <system-err><![CDATA[]]></system-err>
</testsuite>
