<?xml version="1.0" encoding="UTF-8"?>
<testsuite name="org.pinnaclesmp.fragguard.BlockEntitySnapshotTest" tests="14" skipped="0" failures="0" errors="0" timestamp="2026-09-13T09:40:52.265Z" hostname="runnervmlun5p" time="0.478">
  <properties/>
  <testcase name="skipsSnapshotWhenPhysicsReplacesTheBlockWithAnIncompatibleState()" classname="org.pinnaclesmp.fragguard.BlockEntitySnapshotTest" time="0.002"/>
  <testcase name="roundTripsBothSignSidesColorsGlowWaxAndComponents()" classname="org.pinnaclesmp.fragguard.BlockEntitySnapshotTest" time="0.118"/>
  <testcase name="rejectsOversizedSignLineCollectionsDuringCapture()" classname="org.pinnaclesmp.fragguard.BlockEntitySnapshotTest" time="0.003"/>
  <testcase name="rejectsOversizedPlayerHeadProfileCollectionsDuringCapture()" classname="org.pinnaclesmp.fragguard.BlockEntitySnapshotTest" time="0.057"/>
  <testcase name="roundTripsContainerItemsAndBooksThroughPaperBinarySerialization()" classname="org.pinnaclesmp.fragguard.BlockEntitySnapshotTest" time="0.003"/>
  <testcase name="restoresDecoratedPotInventoryAndEveryNamedSherdSide()" classname="org.pinnaclesmp.fragguard.BlockEntitySnapshotTest" time="0.068"/>
  <testcase name="rejectsOversizedBannerPatternCollectionsBeforeAccessingTheRegistry()" classname="org.pinnaclesmp.fragguard.BlockEntitySnapshotTest" time="0.032"/>
  <testcase name="ignoresUnsupportedBlocksAndRejectsUnknownSnapshotFormats()" classname="org.pinnaclesmp.fragguard.BlockEntitySnapshotTest" time="0.003"/>
  <testcase name="restoresPlayerHeadUuidNameAndSignedTextureProperties()" classname="org.pinnaclesmp.fragguard.BlockEntitySnapshotTest" time="0.032"/>
  <testcase name="restoresLecternBookBeforeItsSavedPage()" classname="org.pinnaclesmp.fragguard.BlockEntitySnapshotTest" time="0.005"/>
  <testcase name="rejectsOversizedInventoriesBeforeCapturingAnUnrestorableSnapshot()" classname="org.pinnaclesmp.fragguard.BlockEntitySnapshotTest" time="0.004"/>
  <testcase name="restoresSerializedInventoriesAtTheMaximumSupportedSize()" classname="org.pinnaclesmp.fragguard.BlockEntitySnapshotTest" time="0.139"/>
  <testcase name="restoresCompatibleInventoryAfterPhysicsNormalizesItsBlockState()" classname="org.pinnaclesmp.fragguard.BlockEntitySnapshotTest" time="0.003"/>
  <testcase name="restoresUnpatternedBannersAndCustomNamesWithoutStartingTheServerRegistry()" classname="org.pinnaclesmp.fragguard.BlockEntitySnapshotTest" time="0.002"/>
  <system-out><![CDATA[]]></system-out>
  <system-err><![CDATA[]]></system-err>
</testsuite>
