<?xml version="1.0" encoding="UTF-8"?>
<testsuite name="org.pinnaclesmp.fragguard.DragonEggTeleportTest" tests="3" skipped="0" failures="0" errors="0" timestamp="2026-09-13T09:40:54.038Z" hostname="runnervmlun5p" time="0.026">
  <properties/>
  <testcase name="dragonEggPlayerInteractionDefersHistoryToTeleportEvent()" classname="org.pinnaclesmp.fragguard.DragonEggTeleportTest" time="0.002"/>
  <testcase name="recordsBothEndsOfDragonEggTeleportEvenWhenLiquidLoggingIsDisabled()" classname="org.pinnaclesmp.fragguard.DragonEggTeleportTest" time="0.006"/>
  <testcase name="lookupRollbackAndUndoPlansKeepExactlyOneDragonEgg()" classname="org.pinnaclesmp.fragguard.DragonEggTeleportTest" time="0.017"/>
  <system-out><![CDATA[]]></system-out>
  <system-err><![CDATA[Sep 13, 2026 9:40:54 AM org.pinnaclesmp.fragguard.Database initializeSchema
INFO: Migrated FragGuard's SQLite schema from version 0 to version 1.
Sep 13, 2026 9:40:54 AM org.pinnaclesmp.fragguard.Database initializeSchema
INFO: Migrated FragGuard's SQLite schema from version 1 to version 2.
Sep 13, 2026 9:40:54 AM org.pinnaclesmp.fragguard.Database initializeSchema
INFO: Migrated FragGuard's SQLite schema from version 2 to version 3.
Sep 13, 2026 9:40:54 AM org.pinnaclesmp.fragguard.Database initializeSchema
INFO: Migrated FragGuard's SQLite schema from version 3 to version 4.
]]></system-err>
</testsuite>
